Using pre-set license
Built from '2022.3/staging' branch; Version is '2022.3.19f1 (244b723c30a6) revision 2378610'; Using compiler version '192829333'; Build Type 'Release'
OS: 'Windows 11  (10.0.22631) 64bit Core' Language: 'en' Physical Memory: 16215 MB
BatchMode: 1, IsHumanControllingUs: 0, StartBugReporterOnCrash: 0, Is64bit: 1, IsPro: 1

COMMAND LINE ARGUMENTS:
C:\Program Files\Unity\Hub\Editor\2022.3.19f1\Editor\Unity.exe
-adb2
-batchMode
-noUpm
-name
AssetImportWorker0
-projectPath
C:/Users/randy/Desktop/Game design/Program2HW
-logFile
Logs/AssetImportWorker0.log
-srvPort
65011
Successfully changed project path to: C:/Users/randy/Desktop/Game design/Program2HW
C:/Users/randy/Desktop/Game design/Program2HW
[UnityMemory] Configuration Parameters - Can be set up in boot.config
    "memorysetup-bucket-allocator-granularity=16"
    "memorysetup-bucket-allocator-bucket-count=8"
    "memorysetup-bucket-allocator-block-size=33554432"
    "memorysetup-bucket-allocator-block-count=8"
    "memorysetup-main-allocator-block-size=16777216"
    "memorysetup-thread-allocator-block-size=16777216"
    "memorysetup-gfx-main-allocator-block-size=16777216"
    "memorysetup-gfx-thread-allocator-block-size=16777216"
    "memorysetup-cache-allocator-block-size=4194304"
    "memorysetup-typetree-allocator-block-size=2097152"
    "memorysetup-profiler-bucket-allocator-granularity=16"
    "memorysetup-profiler-bucket-allocator-bucket-count=8"
    "memorysetup-profiler-bucket-allocator-block-size=33554432"
    "memorysetup-profiler-bucket-allocator-block-count=8"
    "memorysetup-profiler-allocator-block-size=16777216"
    "memorysetup-profiler-editor-allocator-block-size=1048576"
    "memorysetup-temp-allocator-size-main=16777216"
    "memorysetup-job-temp-allocator-block-size=2097152"
    "memorysetup-job-temp-allocator-block-size-background=1048576"
    "memorysetup-job-temp-allocator-reduction-small-platforms=262144"
    "memorysetup-allocator-temp-initial-block-size-main=262144"
    "memorysetup-allocator-temp-initial-block-size-worker=262144"
    "memorysetup-temp-allocator-size-background-worker=32768"
    "memorysetup-temp-allocator-size-job-worker=262144"
    "memorysetup-temp-allocator-size-preload-manager=33554432"
    "memorysetup-temp-allocator-size-nav-mesh-worker=65536"
    "memorysetup-temp-allocator-size-audio-worker=65536"
    "memorysetup-temp-allocator-size-cloud-worker=32768"
    "memorysetup-temp-allocator-size-gi-baking-worker=262144"
    "memorysetup-temp-allocator-size-gfx=262144"
Player connection [22636] Host "[IP] 26.10.46.241 [Port] 0 [Flags] 2 [Guid] 3218318675 [EditorId] 3218318675 [Version] 1048832 [Id] WindowsEditor(7,GhostBox) [Debug] 1 [PackageName] WindowsEditor [ProjectName] Editor" joined multi-casting on [225.0.0.222:54997]...

Player connection [22636] Host "[IP] 26.10.46.241 [Port] 0 [Flags] 2 [Guid] 3218318675 [EditorId] 3218318675 [Version] 1048832 [Id] WindowsEditor(7,GhostBox) [Debug] 1 [PackageName] WindowsEditor [ProjectName] Editor" joined alternative multi-casting on [225.0.0.222:34997]...

[Physics::Module] Initialized MultithreadedJobDispatcher with 11 workers.
Refreshing native plugins compatible for Editor in 19.80 ms, found 3 plugins.
Preloading 0 native plugins for Editor in 0.00 ms.
Initialize engine version: 2022.3.19f1 (244b723c30a6)
[Subsystems] Discovering subsystems at path C:/Program Files/Unity/Hub/Editor/2022.3.19f1/Editor/Data/Resources/UnitySubsystems
[Subsystems] Discovering subsystems at path C:/Users/randy/Desktop/Game design/Program2HW/Assets
GfxDevice: creating device client; threaded=0; jobified=0
Direct3D:
    Version:  Direct3D 11.0 [level 11.1]
    Renderer: NVIDIA GeForce RTX 3060 Laptop GPU (ID=0x2520)
    Vendor:   NVIDIA
    VRAM:     6009 MB
    Driver:   31.0.15.3129
Initialize mono
Mono path[0] = 'C:/Program Files/Unity/Hub/Editor/2022.3.19f1/Editor/Data/Managed'
Mono path[1] = 'C:/Program Files/Unity/Hub/Editor/2022.3.19f1/Editor/Data/MonoBleedingEdge/lib/mono/unityjit-win32'
Mono config path = 'C:/Program Files/Unity/Hub/Editor/2022.3.19f1/Editor/Data/MonoBleedingEdge/etc'
Using monoOptions --debugger-agent=transport=dt_socket,embedding=1,server=y,suspend=n,address=127.0.0.1:56120
Begin MonoManager ReloadAssembly
Registering precompiled unity dll's ...
Register platform support module: C:/Program Files/Unity/Hub/Editor/2022.3.19f1/Editor/Data/PlaybackEngines/WindowsStandaloneSupport/UnityEditor.WindowsStandalone.Extensions.dll
Registered in 0.020352 seconds.
- Loaded All Assemblies, in  2.044 seconds
Native extension for WindowsStandalone target not found
Mono: successfully reloaded assembly
- Finished resetting the current domain, in  0.617 seconds
Domain Reload Profiling: 2653ms
	BeginReloadAssembly (1289ms)
		ExecutionOrderSort (0ms)
		DisableScriptedObjects (0ms)
		BackupInstance (0ms)
		ReleaseScriptingObjects (0ms)
		CreateAndSetChildDomain (1ms)
	RebuildCommonClasses (248ms)
	RebuildNativeTypeToScriptingClass (31ms)
	initialDomainReloadingComplete (165ms)
	LoadAllAssembliesAndSetupDomain (300ms)
		LoadAssemblies (1281ms)
		RebuildTransferFunctionScriptingTraits (0ms)
		AnalyzeDomain (295ms)
			TypeCache.Refresh (292ms)
				TypeCache.ScanAssembly (261ms)
			ScanForSourceGeneratedMonoScriptInfo (1ms)
			ResolveRequiredComponents (1ms)
	FinalizeReload (620ms)
		ReleaseScriptCaches (0ms)
		RebuildScriptCaches (0ms)
		SetupLoadedEditorAssemblies (503ms)
			LogAssemblyErrors (0ms)
			InitializePlatformSupportModulesInManaged (19ms)
			SetLoadedEditorAssemblies (14ms)
			RefreshPlugins (0ms)
			BeforeProcessingInitializeOnLoad (4ms)
			ProcessInitializeOnLoadAttributes (361ms)
			ProcessInitializeOnLoadMethodAttributes (104ms)
			AfterProcessingInitializeOnLoad (0ms)
			EditorAssembliesLoaded (0ms)
		ExecutionOrderSort2 (0ms)
		AwakeInstancesAfterBackupRestoration (0ms)
========================================================================
Worker process is ready to serve import requests
Begin MonoManager ReloadAssembly
- Loaded All Assemblies, in  1.385 seconds
Refreshing native plugins compatible for Editor in 11.26 ms, found 3 plugins.
Native extension for WindowsStandalone target not found
Package Manager log level set to [2]
[Package Manager] Server::EnsureServerProcessIsRunning -- launch failed, reason: Unity was launched with the -noUpm command-line argument
[Package Manager] UpmClient::Send -- Unable to send message (not connected to UPM process).
[Package Manager] Cannot connect to Unity Package Manager local server
Mono: successfully reloaded assembly
- Finished resetting the current domain, in  1.241 seconds
Domain Reload Profiling: 2611ms
	BeginReloadAssembly (310ms)
		ExecutionOrderSort (0ms)
		DisableScriptedObjects (9ms)
		BackupInstance (0ms)
		ReleaseScriptingObjects (0ms)
		CreateAndSetChildDomain (37ms)
	RebuildCommonClasses (65ms)
	RebuildNativeTypeToScriptingClass (23ms)
	initialDomainReloadingComplete (101ms)
	LoadAllAssembliesAndSetupDomain (870ms)
		LoadAssemblies (682ms)
		RebuildTransferFunctionScriptingTraits (0ms)
		AnalyzeDomain (383ms)
			TypeCache.Refresh (342ms)
				TypeCache.ScanAssembly (313ms)
			ScanForSourceGeneratedMonoScriptInfo (29ms)
			ResolveRequiredComponents (9ms)
	FinalizeReload (1242ms)
		ReleaseScriptCaches (0ms)
		RebuildScriptCaches (0ms)
		SetupLoadedEditorAssemblies (923ms)
			LogAssemblyErrors (0ms)
			InitializePlatformSupportModulesInManaged (12ms)
			SetLoadedEditorAssemblies (7ms)
			RefreshPlugins (0ms)
			BeforeProcessingInitializeOnLoad (127ms)
			ProcessInitializeOnLoadAttributes (704ms)
			ProcessInitializeOnLoadMethodAttributes (47ms)
			AfterProcessingInitializeOnLoad (26ms)
			EditorAssembliesLoaded (0ms)
		ExecutionOrderSort2 (0ms)
		AwakeInstancesAfterBackupRestoration (18ms)
Launched and connected shader compiler UnityShaderCompiler.exe after 0.07 seconds
Refreshing native plugins compatible for Editor in 10.63 ms, found 3 plugins.
Preloading 0 native plugins for Editor in 0.00 ms.
Unloading 3104 Unused Serialized files (Serialized files now loaded: 0)
Unloading 32 unused Assets / (57.3 KB). Loaded Objects now: 3565.
Memory consumption went from 126.6 MB to 126.6 MB.
Total: 4.941600 ms (FindLiveObjects: 0.361100 ms CreateObjectMapping: 0.315200 ms MarkObjects: 4.113200 ms  DeleteObjects: 0.150200 ms)

AssetImportParameters requested are different than current active one (requested -> active):
  custom:container-demuxer-ogg: 62fdf1f143b41e24485cea50d1cbac27 -> 
  custom:video-decoder-ogg-theora: a1e56fd34408186e4bbccfd4996cb3dc -> 
  custom:framework-win-MediaFoundation: 216162199b28c13a410421893ffa2e32 -> 
  custom:CustomObjectIndexerAttribute: 6d391050e5a25f67b0a2c618074f2cd9 -> 
  custom:container-demuxer-webm: 4f35f7cbe854078d1ac9338744f61a02 -> 
  custom:container-muxer-webm: aa71ff27fc2769a1b78a27578f13a17b -> 
  custom:video-decoder-webm-vp8: 9c59270c3fd7afecdb556c50c9e8de78 -> 
  custom:SearchIndexIgnoredProperties: e643bd26f0fe6173181afceb89e7c659 -> 
  custom:AudioImporter_EditorPlatform: d09bf68614088b80899f8185d706f6e7 -> 
  custom:video-encoder-webm-vp8: eb34c28f22e8b96e1ab97ce403110664 -> 
  custom:audio-decoder-ogg-vorbis: bf7c407c2cedff20999df2af8eb42d56 -> 
  custom:audio-encoder-webm-vorbis: bf7c407c2cedff20999df2af8eb42d56 -> 
========================================================================
Received Import Request.
  Time since last request: 882036.046505 seconds.
  path: Assets/prefabs/Friend.prefab
  artifactKey: Guid(dc3f5f9bcf42f9644a1a9a928705c1dd) Importer(815301076,1909f56bfc062723c751e8b465ee728b)
Start importing Assets/prefabs/Friend.prefab using Guid(dc3f5f9bcf42f9644a1a9a928705c1dd) Importer(815301076,1909f56bfc062723c751e8b465ee728b)  -> (artifact id: '2a11422986bab90635ae3a6c4661b030') in 0.207962 seconds
Number of updated asset objects reloaded before import = 0
Number of asset objects unloaded after import = 68
========================================================================
Received Import Request.
  Time since last request: 74.486868 seconds.
  path: Assets/prefabs/Bullet 3D.prefab
  artifactKey: Guid(77c7f42aa0f08fa4c9cf447d3a34d8f8) Importer(815301076,1909f56bfc062723c751e8b465ee728b)
Start importing Assets/prefabs/Bullet 3D.prefab using Guid(77c7f42aa0f08fa4c9cf447d3a34d8f8) Importer(815301076,1909f56bfc062723c751e8b465ee728b)  -> (artifact id: '1852ee65c2147ab75305824af934facf') in 0.015228 seconds
Number of updated asset objects reloaded before import = 0
Number of asset objects unloaded after import = 12
========================================================================
Received Import Request.
  Time since last request: 192.132205 seconds.
  path: Assets/prefabs/d1r6vxfv.bmp
  artifactKey: Guid(3bf2556b60f611c4c93d052131d93d15) Importer(815301076,1909f56bfc062723c751e8b465ee728b)
Start importing Assets/prefabs/d1r6vxfv.bmp using Guid(3bf2556b60f611c4c93d052131d93d15) Importer(815301076,1909f56bfc062723c751e8b465ee728b)  -> (artifact id: '25abf5ca2398c04d0c0bdd0faac6592b') in 0.029987 seconds
Number of updated asset objects reloaded before import = 0
Number of asset objects unloaded after import = 2
========================================================================
Received Import Request.
  Time since last request: 152.218998 seconds.
  path: Assets/prefabs/Bullet 3D.prefab
  artifactKey: Guid(77c7f42aa0f08fa4c9cf447d3a34d8f8) Importer(815301076,1909f56bfc062723c751e8b465ee728b)
Start importing Assets/prefabs/Bullet 3D.prefab using Guid(77c7f42aa0f08fa4c9cf447d3a34d8f8) Importer(815301076,1909f56bfc062723c751e8b465ee728b)  -> (artifact id: '6e748a67d58b0acb2541f6fc92864ad3') in 0.058641 seconds
Number of updated asset objects reloaded before import = 0
Number of asset objects unloaded after import = 12
========================================================================
Received Import Request.
  Time since last request: 487.601793 seconds.
  path: Assets/prefabs/Bullet 3D.prefab
  artifactKey: Guid(77c7f42aa0f08fa4c9cf447d3a34d8f8) Importer(815301076,1909f56bfc062723c751e8b465ee728b)
Start importing Assets/prefabs/Bullet 3D.prefab using Guid(77c7f42aa0f08fa4c9cf447d3a34d8f8) Importer(815301076,1909f56bfc062723c751e8b465ee728b)  -> (artifact id: 'b1010745d84b9bab23cacb80c81939ac') in 0.010610 seconds
Number of updated asset objects reloaded before import = 0
Number of asset objects unloaded after import = 12
========================================================================
Received Import Request.
  Time since last request: 43.733500 seconds.
  path: Assets/prefabs/Bullet 3D.prefab
  artifactKey: Guid(77c7f42aa0f08fa4c9cf447d3a34d8f8) Importer(815301076,1909f56bfc062723c751e8b465ee728b)
Start importing Assets/prefabs/Bullet 3D.prefab using Guid(77c7f42aa0f08fa4c9cf447d3a34d8f8) Importer(815301076,1909f56bfc062723c751e8b465ee728b)  -> (artifact id: '9e4502b45768f214a03593a33f05d1c5') in 0.008908 seconds
Number of updated asset objects reloaded before import = 0
Number of asset objects unloaded after import = 12
========================================================================
Received Import Request.
  Time since last request: 1.796498 seconds.
  path: Assets/prefabs/Bullet 3D.prefab
  artifactKey: Guid(77c7f42aa0f08fa4c9cf447d3a34d8f8) Importer(815301076,1909f56bfc062723c751e8b465ee728b)
Start importing Assets/prefabs/Bullet 3D.prefab using Guid(77c7f42aa0f08fa4c9cf447d3a34d8f8) Importer(815301076,1909f56bfc062723c751e8b465ee728b)  -> (artifact id: '5f9081141891b217303e0eafe0dd4bd7') in 0.009363 seconds
Number of updated asset objects reloaded before import = 0
Number of asset objects unloaded after import = 12
========================================================================
Received Import Request.
  Time since last request: 25.380959 seconds.
  path: Assets/prefabs/Bullet 3D.prefab
  artifactKey: Guid(77c7f42aa0f08fa4c9cf447d3a34d8f8) Importer(815301076,1909f56bfc062723c751e8b465ee728b)
Start importing Assets/prefabs/Bullet 3D.prefab using Guid(77c7f42aa0f08fa4c9cf447d3a34d8f8) Importer(815301076,1909f56bfc062723c751e8b465ee728b)  -> (artifact id: '75b15d7de474916e0ff00ae3f829235f') in 0.009217 seconds
Number of updated asset objects reloaded before import = 0
Number of asset objects unloaded after import = 12
========================================================================
Received Prepare
Begin MonoManager ReloadAssembly
- Loaded All Assemblies, in  0.733 seconds
Refreshing native plugins compatible for Editor in 7.22 ms, found 3 plugins.
Native extension for WindowsStandalone target not found
[Package Manager] Server::EnsureServerProcessIsRunning -- launch failed, reason: Unity was launched with the -noUpm command-line argument
[Package Manager] UpmClient::Send -- Unable to send message (not connected to UPM process).
[Package Manager] Cannot connect to Unity Package Manager local server
Mono: successfully reloaded assembly
- Finished resetting the current domain, in  2.310 seconds
Domain Reload Profiling: 3030ms
	BeginReloadAssembly (225ms)
		ExecutionOrderSort (0ms)
		DisableScriptedObjects (7ms)
		BackupInstance (0ms)
		ReleaseScriptingObjects (0ms)
		CreateAndSetChildDomain (53ms)
	RebuildCommonClasses (45ms)
	RebuildNativeTypeToScriptingClass (15ms)
	initialDomainReloadingComplete (60ms)
	LoadAllAssembliesAndSetupDomain (376ms)
		LoadAssemblies (473ms)
		RebuildTransferFunctionScriptingTraits (0ms)
		AnalyzeDomain (16ms)
			TypeCache.Refresh (8ms)
				TypeCache.ScanAssembly (0ms)
			ScanForSourceGeneratedMonoScriptInfo (0ms)
			ResolveRequiredComponents (7ms)
	FinalizeReload (2310ms)
		ReleaseScriptCaches (0ms)
		RebuildScriptCaches (0ms)
		SetupLoadedEditorAssemblies (581ms)
			LogAssemblyErrors (0ms)
			InitializePlatformSupportModulesInManaged (10ms)
			SetLoadedEditorAssemblies (7ms)
			RefreshPlugins (0ms)
			BeforeProcessingInitializeOnLoad (96ms)
			ProcessInitializeOnLoadAttributes (416ms)
			ProcessInitializeOnLoadMethodAttributes (33ms)
			AfterProcessingInitializeOnLoad (19ms)
			EditorAssembliesLoaded (0ms)
		ExecutionOrderSort2 (0ms)
		AwakeInstancesAfterBackupRestoration (9ms)
Refreshing native plugins compatible for Editor in 9.85 ms, found 3 plugins.
Preloading 0 native plugins for Editor in 0.00 ms.
Unloading 3083 Unused Serialized files (Serialized files now loaded: 0)
Unloading 24 unused Assets / (31.3 KB). Loaded Objects now: 3581.
Memory consumption went from 129.0 MB to 128.9 MB.
Total: 3.425400 ms (FindLiveObjects: 0.268500 ms CreateObjectMapping: 0.272500 ms MarkObjects: 2.815900 ms  DeleteObjects: 0.067400 ms)

Prepare: number of updated asset objects reloaded= 0
AssetImportParameters requested are different than current active one (requested -> active):
  custom:container-demuxer-ogg: 62fdf1f143b41e24485cea50d1cbac27 -> 
  custom:video-decoder-ogg-theora: a1e56fd34408186e4bbccfd4996cb3dc -> 
  custom:framework-win-MediaFoundation: 216162199b28c13a410421893ffa2e32 -> 
  custom:CustomObjectIndexerAttribute: 6d391050e5a25f67b0a2c618074f2cd9 -> 
  custom:container-demuxer-webm: 4f35f7cbe854078d1ac9338744f61a02 -> 
  custom:container-muxer-webm: aa71ff27fc2769a1b78a27578f13a17b -> 
  custom:video-decoder-webm-vp8: 9c59270c3fd7afecdb556c50c9e8de78 -> 
  custom:SearchIndexIgnoredProperties: e643bd26f0fe6173181afceb89e7c659 -> 
  custom:AudioImporter_EditorPlatform: d09bf68614088b80899f8185d706f6e7 -> 
  custom:video-encoder-webm-vp8: eb34c28f22e8b96e1ab97ce403110664 -> 
  custom:audio-decoder-ogg-vorbis: bf7c407c2cedff20999df2af8eb42d56 -> 
  custom:audio-encoder-webm-vorbis: bf7c407c2cedff20999df2af8eb42d56 -> 
========================================================================
Received Import Request.
  Time since last request: 288.224006 seconds.
  path: Assets/prefabs/Bullet 3D.prefab
  artifactKey: Guid(77c7f42aa0f08fa4c9cf447d3a34d8f8) Importer(815301076,1909f56bfc062723c751e8b465ee728b)
Start importing Assets/prefabs/Bullet 3D.prefab using Guid(77c7f42aa0f08fa4c9cf447d3a34d8f8) Importer(815301076,1909f56bfc062723c751e8b465ee728b)  -> (artifact id: '33d734d8cbb297b8d5ac9324e8f716a9') in 0.105592 seconds
Number of updated asset objects reloaded before import = 0
Number of asset objects unloaded after import = 13
========================================================================
Received Import Request.
  Time since last request: 63.134999 seconds.
  path: Assets/Audio
  artifactKey: Guid(8773139f3be52d0458bd1328143c2371) Importer(815301076,1909f56bfc062723c751e8b465ee728b)
Start importing Assets/Audio using Guid(8773139f3be52d0458bd1328143c2371) Importer(815301076,1909f56bfc062723c751e8b465ee728b)  -> (artifact id: 'b4a30b60c53d5dc480c47ddacf9a084e') in 0.001885 seconds
Number of updated asset objects reloaded before import = 0
Number of asset objects unloaded after import = 0
========================================================================
Received Import Request.
  Time since last request: 1163.461605 seconds.
  path: Assets/Scripts/Projectile3DController.cs
  artifactKey: Guid(4782d266516d2514e8832ebfdd862cde) Importer(815301076,1909f56bfc062723c751e8b465ee728b)
Start importing Assets/Scripts/Projectile3DController.cs using Guid(4782d266516d2514e8832ebfdd862cde) Importer(815301076,1909f56bfc062723c751e8b465ee728b)  -> (artifact id: '0f88d0b4e029edb316402d3ce87c30a5') in 0.000984 seconds
Number of updated asset objects reloaded before import = 0
Number of asset objects unloaded after import = 0
========================================================================
Received Import Request.
  Time since last request: 12.193901 seconds.
  path: Assets/Scripts/Projectile3DController.cs
  artifactKey: Guid(4782d266516d2514e8832ebfdd862cde) Importer(815301076,1909f56bfc062723c751e8b465ee728b)
Start importing Assets/Scripts/Projectile3DController.cs using Guid(4782d266516d2514e8832ebfdd862cde) Importer(815301076,1909f56bfc062723c751e8b465ee728b)  -> (artifact id: 'b6997883460074e518fdb7efd6bffc3e') in 0.000652 seconds
Number of updated asset objects reloaded before import = 0
Number of asset objects unloaded after import = 0
========================================================================
Received Prepare
Begin MonoManager ReloadAssembly
- Loaded All Assemblies, in  0.784 seconds
Refreshing native plugins compatible for Editor in 7.41 ms, found 3 plugins.
Native extension for WindowsStandalone target not found
[Package Manager] Server::EnsureServerProcessIsRunning -- launch failed, reason: Unity was launched with the -noUpm command-line argument
[Package Manager] UpmClient::Send -- Unable to send message (not connected to UPM process).
[Package Manager] Cannot connect to Unity Package Manager local server
Mono: successfully reloaded assembly
- Finished resetting the current domain, in  1.626 seconds
Domain Reload Profiling: 2401ms
	BeginReloadAssembly (263ms)
		ExecutionOrderSort (0ms)
		DisableScriptedObjects (7ms)
		BackupInstance (0ms)
		ReleaseScriptingObjects (0ms)
		CreateAndSetChildDomain (59ms)
	RebuildCommonClasses (71ms)
	RebuildNativeTypeToScriptingClass (27ms)
	initialDomainReloadingComplete (61ms)
	LoadAllAssembliesAndSetupDomain (353ms)
		LoadAssemblies (471ms)
		RebuildTransferFunctionScriptingTraits (0ms)
		AnalyzeDomain (32ms)
			TypeCache.Refresh (12ms)
				TypeCache.ScanAssembly (0ms)
			ScanForSourceGeneratedMonoScriptInfo (11ms)
			ResolveRequiredComponents (7ms)
	FinalizeReload (1627ms)
		ReleaseScriptCaches (0ms)
		RebuildScriptCaches (0ms)
		SetupLoadedEditorAssemblies (476ms)
			LogAssemblyErrors (0ms)
			InitializePlatformSupportModulesInManaged (8ms)
			SetLoadedEditorAssemblies (3ms)
			RefreshPlugins (0ms)
			BeforeProcessingInitializeOnLoad (78ms)
			ProcessInitializeOnLoadAttributes (339ms)
			ProcessInitializeOnLoadMethodAttributes (25ms)
			AfterProcessingInitializeOnLoad (23ms)
			EditorAssembliesLoaded (0ms)
		ExecutionOrderSort2 (0ms)
		AwakeInstancesAfterBackupRestoration (8ms)
Refreshing native plugins compatible for Editor in 7.75 ms, found 3 plugins.
Preloading 0 native plugins for Editor in 0.00 ms.
Unloading 3083 Unused Serialized files (Serialized files now loaded: 0)
Unloading 24 unused Assets / (31.4 KB). Loaded Objects now: 3584.
Memory consumption went from 130.9 MB to 130.9 MB.
Total: 3.001900 ms (FindLiveObjects: 0.246700 ms CreateObjectMapping: 0.263400 ms MarkObjects: 2.409800 ms  DeleteObjects: 0.081100 ms)

Prepare: number of updated asset objects reloaded= 0
AssetImportParameters requested are different than current active one (requested -> active):
  custom:container-demuxer-ogg: 62fdf1f143b41e24485cea50d1cbac27 -> 
  custom:video-decoder-ogg-theora: a1e56fd34408186e4bbccfd4996cb3dc -> 
  custom:framework-win-MediaFoundation: 216162199b28c13a410421893ffa2e32 -> 
  custom:CustomObjectIndexerAttribute: 6d391050e5a25f67b0a2c618074f2cd9 -> 
  custom:container-demuxer-webm: 4f35f7cbe854078d1ac9338744f61a02 -> 
  custom:container-muxer-webm: aa71ff27fc2769a1b78a27578f13a17b -> 
  custom:video-decoder-webm-vp8: 9c59270c3fd7afecdb556c50c9e8de78 -> 
  custom:SearchIndexIgnoredProperties: e643bd26f0fe6173181afceb89e7c659 -> 
  custom:AudioImporter_EditorPlatform: d09bf68614088b80899f8185d706f6e7 -> 
  custom:video-encoder-webm-vp8: eb34c28f22e8b96e1ab97ce403110664 -> 
  custom:audio-decoder-ogg-vorbis: bf7c407c2cedff20999df2af8eb42d56 -> 
  custom:audio-encoder-webm-vorbis: bf7c407c2cedff20999df2af8eb42d56 -> 
========================================================================
Received Import Request.
  Time since last request: 661.898483 seconds.
  path: Assets/prefabs/Bullet 3D.prefab
  artifactKey: Guid(77c7f42aa0f08fa4c9cf447d3a34d8f8) Importer(815301076,1909f56bfc062723c751e8b465ee728b)
Start importing Assets/prefabs/Bullet 3D.prefab using Guid(77c7f42aa0f08fa4c9cf447d3a34d8f8) Importer(815301076,1909f56bfc062723c751e8b465ee728b)  -> (artifact id: '1505d6514cd5c83fea6e0782672a6cad') in 0.119507 seconds
Number of updated asset objects reloaded before import = 0
Number of asset objects unloaded after import = 13
========================================================================
Received Import Request.
  Time since last request: 53.904017 seconds.
  path: Assets/prefabs/Bullet 3D.prefab
  artifactKey: Guid(77c7f42aa0f08fa4c9cf447d3a34d8f8) Importer(815301076,1909f56bfc062723c751e8b465ee728b)
Start importing Assets/prefabs/Bullet 3D.prefab using Guid(77c7f42aa0f08fa4c9cf447d3a34d8f8) Importer(815301076,1909f56bfc062723c751e8b465ee728b)  -> (artifact id: 'f94f37997fe0e66f1784e18ae7f44021') in 0.009285 seconds
Number of updated asset objects reloaded before import = 0
Number of asset objects unloaded after import = 13
========================================================================
Received Import Request.
  Time since last request: 13.624752 seconds.
  path: Assets/prefabs/Bullet 3D.prefab
  artifactKey: Guid(77c7f42aa0f08fa4c9cf447d3a34d8f8) Importer(815301076,1909f56bfc062723c751e8b465ee728b)
Start importing Assets/prefabs/Bullet 3D.prefab using Guid(77c7f42aa0f08fa4c9cf447d3a34d8f8) Importer(815301076,1909f56bfc062723c751e8b465ee728b)  -> (artifact id: '4c11cd65ca947f9350b5581a6470b582') in 0.008224 seconds
Number of updated asset objects reloaded before import = 0
Number of asset objects unloaded after import = 13
========================================================================
Received Import Request.
  Time since last request: 37.116743 seconds.
  path: Assets/prefabs/Bullet 3D.prefab
  artifactKey: Guid(77c7f42aa0f08fa4c9cf447d3a34d8f8) Importer(815301076,1909f56bfc062723c751e8b465ee728b)
Start importing Assets/prefabs/Bullet 3D.prefab using Guid(77c7f42aa0f08fa4c9cf447d3a34d8f8) Importer(815301076,1909f56bfc062723c751e8b465ee728b)  -> (artifact id: 'bd034a86bc35cf18d2f4c9c2a546f3aa') in 0.010285 seconds
Number of updated asset objects reloaded before import = 0
Number of asset objects unloaded after import = 13
========================================================================
Received Import Request.
  Time since last request: 27.512552 seconds.
  path: Assets/prefabs/Bullet 3D.prefab
  artifactKey: Guid(77c7f42aa0f08fa4c9cf447d3a34d8f8) Importer(815301076,1909f56bfc062723c751e8b465ee728b)
Start importing Assets/prefabs/Bullet 3D.prefab using Guid(77c7f42aa0f08fa4c9cf447d3a34d8f8) Importer(815301076,1909f56bfc062723c751e8b465ee728b)  -> (artifact id: '09c5050af88f01cbaf623b01ab7378a4') in 0.009328 seconds
Number of updated asset objects reloaded before import = 0
Number of asset objects unloaded after import = 13
========================================================================
Received Import Request.
  Time since last request: 3.076127 seconds.
  path: Assets/prefabs/Bullet 3D.prefab
  artifactKey: Guid(77c7f42aa0f08fa4c9cf447d3a34d8f8) Importer(815301076,1909f56bfc062723c751e8b465ee728b)
Start importing Assets/prefabs/Bullet 3D.prefab using Guid(77c7f42aa0f08fa4c9cf447d3a34d8f8) Importer(815301076,1909f56bfc062723c751e8b465ee728b)  -> (artifact id: '6fdf5643a6601f5c6e7694ff85e736dc') in 0.010799 seconds
Number of updated asset objects reloaded before import = 0
Number of asset objects unloaded after import = 13
========================================================================
Received Import Request.
  Time since last request: 2.730359 seconds.
  path: Assets/prefabs/Bullet 3D.prefab
  artifactKey: Guid(77c7f42aa0f08fa4c9cf447d3a34d8f8) Importer(815301076,1909f56bfc062723c751e8b465ee728b)
Start importing Assets/prefabs/Bullet 3D.prefab using Guid(77c7f42aa0f08fa4c9cf447d3a34d8f8) Importer(815301076,1909f56bfc062723c751e8b465ee728b)  -> (artifact id: '78ec2f9afa9e13ed79aae32dc9bb775f') in 0.008734 seconds
Number of updated asset objects reloaded before import = 0
Number of asset objects unloaded after import = 13
========================================================================
Received Import Request.
  Time since last request: 3.746065 seconds.
  path: Assets/prefabs/Bullet 3D.prefab
  artifactKey: Guid(77c7f42aa0f08fa4c9cf447d3a34d8f8) Importer(815301076,1909f56bfc062723c751e8b465ee728b)
Start importing Assets/prefabs/Bullet 3D.prefab using Guid(77c7f42aa0f08fa4c9cf447d3a34d8f8) Importer(815301076,1909f56bfc062723c751e8b465ee728b)  -> (artifact id: 'a7562b4bb8bcf291073cc82a9076d9ae') in 0.009289 seconds
Number of updated asset objects reloaded before import = 0
Number of asset objects unloaded after import = 13
========================================================================
Received Import Request.
  Time since last request: 5.785568 seconds.
  path: Assets/prefabs/Bullet 3D.prefab
  artifactKey: Guid(77c7f42aa0f08fa4c9cf447d3a34d8f8) Importer(815301076,1909f56bfc062723c751e8b465ee728b)
Start importing Assets/prefabs/Bullet 3D.prefab using Guid(77c7f42aa0f08fa4c9cf447d3a34d8f8) Importer(815301076,1909f56bfc062723c751e8b465ee728b)  -> (artifact id: 'f97d1effa6922785521a6ec029bd5760') in 0.010848 seconds
Number of updated asset objects reloaded before import = 0
Number of asset objects unloaded after import = 13
========================================================================
Received Import Request.
  Time since last request: 13.154000 seconds.
  path: Assets/prefabs/Bullet 3D.prefab
  artifactKey: Guid(77c7f42aa0f08fa4c9cf447d3a34d8f8) Importer(815301076,1909f56bfc062723c751e8b465ee728b)
Start importing Assets/prefabs/Bullet 3D.prefab using Guid(77c7f42aa0f08fa4c9cf447d3a34d8f8) Importer(815301076,1909f56bfc062723c751e8b465ee728b)  -> (artifact id: 'c075f174565031c5c7d1f42d65b558c2') in 0.010822 seconds
Number of updated asset objects reloaded before import = 0
Number of asset objects unloaded after import = 13
========================================================================
Received Import Request.
  Time since last request: 7.241123 seconds.
  path: Assets/prefabs/Bullet 3D.prefab
  artifactKey: Guid(77c7f42aa0f08fa4c9cf447d3a34d8f8) Importer(815301076,1909f56bfc062723c751e8b465ee728b)
Start importing Assets/prefabs/Bullet 3D.prefab using Guid(77c7f42aa0f08fa4c9cf447d3a34d8f8) Importer(815301076,1909f56bfc062723c751e8b465ee728b)  -> (artifact id: 'd26977fe7d1caf94ffb38ab06645ec22') in 0.009942 seconds
Number of updated asset objects reloaded before import = 0
Number of asset objects unloaded after import = 13
========================================================================
Received Import Request.
  Time since last request: 4.744028 seconds.
  path: Assets/prefabs/Bullet 3D.prefab
  artifactKey: Guid(77c7f42aa0f08fa4c9cf447d3a34d8f8) Importer(815301076,1909f56bfc062723c751e8b465ee728b)
Start importing Assets/prefabs/Bullet 3D.prefab using Guid(77c7f42aa0f08fa4c9cf447d3a34d8f8) Importer(815301076,1909f56bfc062723c751e8b465ee728b)  -> (artifact id: '198cc37c85218aac9f97c00179ee224d') in 0.008605 seconds
Number of updated asset objects reloaded before import = 0
Number of asset objects unloaded after import = 13
========================================================================
Received Import Request.
  Time since last request: 533.299096 seconds.
  path: Assets/prefabs/Bullet 3D.prefab
  artifactKey: Guid(77c7f42aa0f08fa4c9cf447d3a34d8f8) Importer(815301076,1909f56bfc062723c751e8b465ee728b)
Start importing Assets/prefabs/Bullet 3D.prefab using Guid(77c7f42aa0f08fa4c9cf447d3a34d8f8) Importer(815301076,1909f56bfc062723c751e8b465ee728b)  -> (artifact id: '5035f8c1b94ccafafc315ce5066c4aaa') in 0.013822 seconds
Number of updated asset objects reloaded before import = 0
Number of asset objects unloaded after import = 13
========================================================================
Received Import Request.
  Time since last request: 8.874860 seconds.
  path: Assets/prefabs/Bullet 3D.prefab
  artifactKey: Guid(77c7f42aa0f08fa4c9cf447d3a34d8f8) Importer(815301076,1909f56bfc062723c751e8b465ee728b)
Start importing Assets/prefabs/Bullet 3D.prefab using Guid(77c7f42aa0f08fa4c9cf447d3a34d8f8) Importer(815301076,1909f56bfc062723c751e8b465ee728b)  -> (artifact id: 'bf11a4670c8eb2ad1d245eed96180858') in 0.010228 seconds
Number of updated asset objects reloaded before import = 0
Number of asset objects unloaded after import = 13
========================================================================
Received Import Request.
  Time since last request: 12.417320 seconds.
  path: Assets/prefabs/Bullet 3D.prefab
  artifactKey: Guid(77c7f42aa0f08fa4c9cf447d3a34d8f8) Importer(815301076,1909f56bfc062723c751e8b465ee728b)
Start importing Assets/prefabs/Bullet 3D.prefab using Guid(77c7f42aa0f08fa4c9cf447d3a34d8f8) Importer(815301076,1909f56bfc062723c751e8b465ee728b)  -> (artifact id: '414b27c9fc5b8a55b238c4bf4066cda6') in 0.009198 seconds
Number of updated asset objects reloaded before import = 0
Number of asset objects unloaded after import = 13
========================================================================
Received Import Request.
  Time since last request: 18.836824 seconds.
  path: Assets/prefabs/Bullet 3D.prefab
  artifactKey: Guid(77c7f42aa0f08fa4c9cf447d3a34d8f8) Importer(815301076,1909f56bfc062723c751e8b465ee728b)
Start importing Assets/prefabs/Bullet 3D.prefab using Guid(77c7f42aa0f08fa4c9cf447d3a34d8f8) Importer(815301076,1909f56bfc062723c751e8b465ee728b)  -> (artifact id: '5da0dc835a4434150b27c7224755402d') in 0.008953 seconds
Number of updated asset objects reloaded before import = 0
Number of asset objects unloaded after import = 13
========================================================================
Received Import Request.
  Time since last request: 7.729869 seconds.
  path: Assets/prefabs/Bullet 3D.prefab
  artifactKey: Guid(77c7f42aa0f08fa4c9cf447d3a34d8f8) Importer(815301076,1909f56bfc062723c751e8b465ee728b)
Start importing Assets/prefabs/Bullet 3D.prefab using Guid(77c7f42aa0f08fa4c9cf447d3a34d8f8) Importer(815301076,1909f56bfc062723c751e8b465ee728b)  -> (artifact id: 'b32b3a0cdd782a24921153a762598c7e') in 0.013514 seconds
Number of updated asset objects reloaded before import = 0
Number of asset objects unloaded after import = 13
========================================================================
Received Import Request.
  Time since last request: 7.554859 seconds.
  path: Assets/prefabs/Bullet 3D.prefab
  artifactKey: Guid(77c7f42aa0f08fa4c9cf447d3a34d8f8) Importer(815301076,1909f56bfc062723c751e8b465ee728b)
Start importing Assets/prefabs/Bullet 3D.prefab using Guid(77c7f42aa0f08fa4c9cf447d3a34d8f8) Importer(815301076,1909f56bfc062723c751e8b465ee728b)  -> (artifact id: 'd53d7b7b7ce36565c4cd232ccdba599c') in 0.009400 seconds
Number of updated asset objects reloaded before import = 0
Number of asset objects unloaded after import = 13
========================================================================
Received Import Request.
  Time since last request: 0.618508 seconds.
  path: Assets/prefabs/Bullet 3D.prefab
  artifactKey: Guid(77c7f42aa0f08fa4c9cf447d3a34d8f8) Importer(815301076,1909f56bfc062723c751e8b465ee728b)
Start importing Assets/prefabs/Bullet 3D.prefab using Guid(77c7f42aa0f08fa4c9cf447d3a34d8f8) Importer(815301076,1909f56bfc062723c751e8b465ee728b)  -> (artifact id: 'b055e10d58491bf7798f35f4bc0ac06c') in 0.008767 seconds
Number of updated asset objects reloaded before import = 0
Number of asset objects unloaded after import = 13
========================================================================
Received Import Request.
  Time since last request: 1.856899 seconds.
  path: Assets/prefabs/Bullet 3D.prefab
  artifactKey: Guid(77c7f42aa0f08fa4c9cf447d3a34d8f8) Importer(815301076,1909f56bfc062723c751e8b465ee728b)
Start importing Assets/prefabs/Bullet 3D.prefab using Guid(77c7f42aa0f08fa4c9cf447d3a34d8f8) Importer(815301076,1909f56bfc062723c751e8b465ee728b)  -> (artifact id: 'e90825e4eeb7a6796007d9f02bbf1e06') in 0.009650 seconds
Number of updated asset objects reloaded before import = 0
Number of asset objects unloaded after import = 13
========================================================================
Received Import Request.
  Time since last request: 0.687557 seconds.
  path: Assets/prefabs/Bullet 3D.prefab
  artifactKey: Guid(77c7f42aa0f08fa4c9cf447d3a34d8f8) Importer(815301076,1909f56bfc062723c751e8b465ee728b)
Start importing Assets/prefabs/Bullet 3D.prefab using Guid(77c7f42aa0f08fa4c9cf447d3a34d8f8) Importer(815301076,1909f56bfc062723c751e8b465ee728b)  -> (artifact id: '87610688950997d1fd5e47130c3408b6') in 0.010418 seconds
Number of updated asset objects reloaded before import = 0
Number of asset objects unloaded after import = 13
========================================================================
Received Import Request.
  Time since last request: 7.703226 seconds.
  path: Assets/prefabs/Bullet 3D.prefab
  artifactKey: Guid(77c7f42aa0f08fa4c9cf447d3a34d8f8) Importer(815301076,1909f56bfc062723c751e8b465ee728b)
Start importing Assets/prefabs/Bullet 3D.prefab using Guid(77c7f42aa0f08fa4c9cf447d3a34d8f8) Importer(815301076,1909f56bfc062723c751e8b465ee728b)  -> (artifact id: 'e293b33e35722390d5f1df71c86d2d26') in 0.008803 seconds
Number of updated asset objects reloaded before import = 0
Number of asset objects unloaded after import = 13
========================================================================
Received Import Request.
  Time since last request: 1.702611 seconds.
  path: Assets/prefabs/Bullet 3D.prefab
  artifactKey: Guid(77c7f42aa0f08fa4c9cf447d3a34d8f8) Importer(815301076,1909f56bfc062723c751e8b465ee728b)
Start importing Assets/prefabs/Bullet 3D.prefab using Guid(77c7f42aa0f08fa4c9cf447d3a34d8f8) Importer(815301076,1909f56bfc062723c751e8b465ee728b)  -> (artifact id: '6a0c3a590ea33b3cad41785ac2a26cd2') in 0.009091 seconds
Number of updated asset objects reloaded before import = 0
Number of asset objects unloaded after import = 13
========================================================================
Received Import Request.
  Time since last request: 3.941918 seconds.
  path: Assets/prefabs/Bullet 3D.prefab
  artifactKey: Guid(77c7f42aa0f08fa4c9cf447d3a34d8f8) Importer(815301076,1909f56bfc062723c751e8b465ee728b)
Start importing Assets/prefabs/Bullet 3D.prefab using Guid(77c7f42aa0f08fa4c9cf447d3a34d8f8) Importer(815301076,1909f56bfc062723c751e8b465ee728b)  -> (artifact id: '59a274d712e6d2af2aafacd439b270fc') in 0.009983 seconds
Number of updated asset objects reloaded before import = 0
Number of asset objects unloaded after import = 13
========================================================================
Received Import Request.
  Time since last request: 1.867039 seconds.
  path: Assets/prefabs/Bullet 3D.prefab
  artifactKey: Guid(77c7f42aa0f08fa4c9cf447d3a34d8f8) Importer(815301076,1909f56bfc062723c751e8b465ee728b)
Start importing Assets/prefabs/Bullet 3D.prefab using Guid(77c7f42aa0f08fa4c9cf447d3a34d8f8) Importer(815301076,1909f56bfc062723c751e8b465ee728b)  -> (artifact id: 'fc0e19439514721590ed6422d15444f5') in 0.009280 seconds
Number of updated asset objects reloaded before import = 0
Number of asset objects unloaded after import = 13
========================================================================
Received Import Request.
  Time since last request: 15.967959 seconds.
  path: Assets/prefabs/Bullet 3D.prefab
  artifactKey: Guid(77c7f42aa0f08fa4c9cf447d3a34d8f8) Importer(815301076,1909f56bfc062723c751e8b465ee728b)
Start importing Assets/prefabs/Bullet 3D.prefab using Guid(77c7f42aa0f08fa4c9cf447d3a34d8f8) Importer(815301076,1909f56bfc062723c751e8b465ee728b)  -> (artifact id: 'e4fa91c280f4fff35acfffd460a5d544') in 0.009730 seconds
Number of updated asset objects reloaded before import = 0
Number of asset objects unloaded after import = 13
========================================================================
Received Import Request.
  Time since last request: 0.805291 seconds.
  path: Assets/prefabs/Bullet 3D.prefab
  artifactKey: Guid(77c7f42aa0f08fa4c9cf447d3a34d8f8) Importer(815301076,1909f56bfc062723c751e8b465ee728b)
Start importing Assets/prefabs/Bullet 3D.prefab using Guid(77c7f42aa0f08fa4c9cf447d3a34d8f8) Importer(815301076,1909f56bfc062723c751e8b465ee728b)  -> (artifact id: '78e9353c2430390a6cd8ee54c622e901') in 0.010773 seconds
Number of updated asset objects reloaded before import = 0
Number of asset objects unloaded after import = 13
========================================================================
Received Import Request.
  Time since last request: 1.343860 seconds.
  path: Assets/prefabs/Bullet 3D.prefab
  artifactKey: Guid(77c7f42aa0f08fa4c9cf447d3a34d8f8) Importer(815301076,1909f56bfc062723c751e8b465ee728b)
Start importing Assets/prefabs/Bullet 3D.prefab using Guid(77c7f42aa0f08fa4c9cf447d3a34d8f8) Importer(815301076,1909f56bfc062723c751e8b465ee728b)  -> (artifact id: '6034a675aba48d4c1466c8e14b756992') in 0.008317 seconds
Number of updated asset objects reloaded before import = 0
Number of asset objects unloaded after import = 13
========================================================================
Received Import Request.
  Time since last request: 9.712509 seconds.
  path: Assets/prefabs/Bullet 3D.prefab
  artifactKey: Guid(77c7f42aa0f08fa4c9cf447d3a34d8f8) Importer(815301076,1909f56bfc062723c751e8b465ee728b)
Start importing Assets/prefabs/Bullet 3D.prefab using Guid(77c7f42aa0f08fa4c9cf447d3a34d8f8) Importer(815301076,1909f56bfc062723c751e8b465ee728b)  -> (artifact id: 'bc89b18fb5876c96b0cbb0d0dd642199') in 0.009173 seconds
Number of updated asset objects reloaded before import = 0
Number of asset objects unloaded after import = 13
========================================================================
Received Import Request.
  Time since last request: 2.857879 seconds.
  path: Assets/prefabs/Bullet 3D.prefab
  artifactKey: Guid(77c7f42aa0f08fa4c9cf447d3a34d8f8) Importer(815301076,1909f56bfc062723c751e8b465ee728b)
Start importing Assets/prefabs/Bullet 3D.prefab using Guid(77c7f42aa0f08fa4c9cf447d3a34d8f8) Importer(815301076,1909f56bfc062723c751e8b465ee728b)  -> (artifact id: '0715dc45b3bcc95d0ca508d43d0cd245') in 0.009891 seconds
Number of updated asset objects reloaded before import = 0
Number of asset objects unloaded after import = 13
========================================================================
Received Import Request.
  Time since last request: 1.281443 seconds.
  path: Assets/prefabs/Bullet 3D.prefab
  artifactKey: Guid(77c7f42aa0f08fa4c9cf447d3a34d8f8) Importer(815301076,1909f56bfc062723c751e8b465ee728b)
Start importing Assets/prefabs/Bullet 3D.prefab using Guid(77c7f42aa0f08fa4c9cf447d3a34d8f8) Importer(815301076,1909f56bfc062723c751e8b465ee728b)  -> (artifact id: '8a2ddb9f1fabc40c33f255816883cd77') in 0.010090 seconds
Number of updated asset objects reloaded before import = 0
Number of asset objects unloaded after import = 13
========================================================================
Received Import Request.
  Time since last request: 3.157578 seconds.
  path: Assets/prefabs/Bullet 3D.prefab
  artifactKey: Guid(77c7f42aa0f08fa4c9cf447d3a34d8f8) Importer(815301076,1909f56bfc062723c751e8b465ee728b)
Start importing Assets/prefabs/Bullet 3D.prefab using Guid(77c7f42aa0f08fa4c9cf447d3a34d8f8) Importer(815301076,1909f56bfc062723c751e8b465ee728b)  -> (artifact id: 'cf2d55af592f7f8457ebd57f582f009d') in 0.009503 seconds
Number of updated asset objects reloaded before import = 0
Number of asset objects unloaded after import = 13
========================================================================
Received Import Request.
  Time since last request: 7.781322 seconds.
  path: Assets/prefabs/Bullet 3D.prefab
  artifactKey: Guid(77c7f42aa0f08fa4c9cf447d3a34d8f8) Importer(815301076,1909f56bfc062723c751e8b465ee728b)
Start importing Assets/prefabs/Bullet 3D.prefab using Guid(77c7f42aa0f08fa4c9cf447d3a34d8f8) Importer(815301076,1909f56bfc062723c751e8b465ee728b)  -> (artifact id: 'b0fa55367dc957b259930bb245f86d4f') in 0.009389 seconds
Number of updated asset objects reloaded before import = 0
Number of asset objects unloaded after import = 13
========================================================================
Received Import Request.
  Time since last request: 0.585503 seconds.
  path: Assets/prefabs/Bullet 3D.prefab
  artifactKey: Guid(77c7f42aa0f08fa4c9cf447d3a34d8f8) Importer(815301076,1909f56bfc062723c751e8b465ee728b)
Start importing Assets/prefabs/Bullet 3D.prefab using Guid(77c7f42aa0f08fa4c9cf447d3a34d8f8) Importer(815301076,1909f56bfc062723c751e8b465ee728b)  -> (artifact id: 'a478e5a6664ec242d4d743943cab340e') in 0.008695 seconds
Number of updated asset objects reloaded before import = 0
Number of asset objects unloaded after import = 13
========================================================================
Received Import Request.
  Time since last request: 1.315551 seconds.
  path: Assets/prefabs/Bullet 3D.prefab
  artifactKey: Guid(77c7f42aa0f08fa4c9cf447d3a34d8f8) Importer(815301076,1909f56bfc062723c751e8b465ee728b)
Start importing Assets/prefabs/Bullet 3D.prefab using Guid(77c7f42aa0f08fa4c9cf447d3a34d8f8) Importer(815301076,1909f56bfc062723c751e8b465ee728b)  -> (artifact id: '8759303341c82a4c72c6533e22dfda3a') in 0.009291 seconds
Number of updated asset objects reloaded before import = 0
Number of asset objects unloaded after import = 13
========================================================================
Received Import Request.
  Time since last request: 3.838512 seconds.
  path: Assets/prefabs/Bullet 3D.prefab
  artifactKey: Guid(77c7f42aa0f08fa4c9cf447d3a34d8f8) Importer(815301076,1909f56bfc062723c751e8b465ee728b)
Start importing Assets/prefabs/Bullet 3D.prefab using Guid(77c7f42aa0f08fa4c9cf447d3a34d8f8) Importer(815301076,1909f56bfc062723c751e8b465ee728b)  -> (artifact id: 'ba55723457fa82604c3868a5efab87dd') in 0.009148 seconds
Number of updated asset objects reloaded before import = 0
Number of asset objects unloaded after import = 13
========================================================================
Received Import Request.
  Time since last request: 4.317592 seconds.
  path: Assets/prefabs/Bullet 3D.prefab
  artifactKey: Guid(77c7f42aa0f08fa4c9cf447d3a34d8f8) Importer(815301076,1909f56bfc062723c751e8b465ee728b)
Start importing Assets/prefabs/Bullet 3D.prefab using Guid(77c7f42aa0f08fa4c9cf447d3a34d8f8) Importer(815301076,1909f56bfc062723c751e8b465ee728b)  -> (artifact id: '50569519064a37b1ae15998bdfe18e1e') in 0.008809 seconds
Number of updated asset objects reloaded before import = 0
Number of asset objects unloaded after import = 13
========================================================================
Received Import Request.
  Time since last request: 2.948623 seconds.
  path: Assets/prefabs/Bullet 3D.prefab
  artifactKey: Guid(77c7f42aa0f08fa4c9cf447d3a34d8f8) Importer(815301076,1909f56bfc062723c751e8b465ee728b)
Start importing Assets/prefabs/Bullet 3D.prefab using Guid(77c7f42aa0f08fa4c9cf447d3a34d8f8) Importer(815301076,1909f56bfc062723c751e8b465ee728b)  -> (artifact id: '5dee367c63eb14aa2b5417f87cf8a633') in 0.008772 seconds
Number of updated asset objects reloaded before import = 0
Number of asset objects unloaded after import = 13
========================================================================
Received Import Request.
  Time since last request: 1.609643 seconds.
  path: Assets/prefabs/Bullet 3D.prefab
  artifactKey: Guid(77c7f42aa0f08fa4c9cf447d3a34d8f8) Importer(815301076,1909f56bfc062723c751e8b465ee728b)
Start importing Assets/prefabs/Bullet 3D.prefab using Guid(77c7f42aa0f08fa4c9cf447d3a34d8f8) Importer(815301076,1909f56bfc062723c751e8b465ee728b)  -> (artifact id: '2cdecef284d39a753cb3bbf6c64d2cba') in 0.009145 seconds
Number of updated asset objects reloaded before import = 0
Number of asset objects unloaded after import = 13
========================================================================
Received Import Request.
  Time since last request: 2.038514 seconds.
  path: Assets/prefabs/Bullet 3D.prefab
  artifactKey: Guid(77c7f42aa0f08fa4c9cf447d3a34d8f8) Importer(815301076,1909f56bfc062723c751e8b465ee728b)
Start importing Assets/prefabs/Bullet 3D.prefab using Guid(77c7f42aa0f08fa4c9cf447d3a34d8f8) Importer(815301076,1909f56bfc062723c751e8b465ee728b)  -> (artifact id: '72d2f6fa1671eb2a078669ad87e49a42') in 0.009679 seconds
Number of updated asset objects reloaded before import = 0
Number of asset objects unloaded after import = 13
========================================================================
Received Import Request.
  Time since last request: 10.738061 seconds.
  path: Assets/prefabs/Bullet 3D.prefab
  artifactKey: Guid(77c7f42aa0f08fa4c9cf447d3a34d8f8) Importer(815301076,1909f56bfc062723c751e8b465ee728b)
Start importing Assets/prefabs/Bullet 3D.prefab using Guid(77c7f42aa0f08fa4c9cf447d3a34d8f8) Importer(815301076,1909f56bfc062723c751e8b465ee728b)  -> (artifact id: 'b4fdade3c724a77287b47a1cc15ffd13') in 0.009684 seconds
Number of updated asset objects reloaded before import = 0
Number of asset objects unloaded after import = 13
========================================================================
Received Import Request.
  Time since last request: 13.776879 seconds.
  path: Assets/prefabs/Bullet 3D.prefab
  artifactKey: Guid(77c7f42aa0f08fa4c9cf447d3a34d8f8) Importer(815301076,1909f56bfc062723c751e8b465ee728b)
Start importing Assets/prefabs/Bullet 3D.prefab using Guid(77c7f42aa0f08fa4c9cf447d3a34d8f8) Importer(815301076,1909f56bfc062723c751e8b465ee728b)  -> (artifact id: '71590395aee6fbb0300702deb5436be4') in 0.008401 seconds
Number of updated asset objects reloaded before import = 0
Number of asset objects unloaded after import = 13
========================================================================
Received Import Request.
  Time since last request: 4.865940 seconds.
  path: Assets/prefabs/Bullet 3D.prefab
  artifactKey: Guid(77c7f42aa0f08fa4c9cf447d3a34d8f8) Importer(815301076,1909f56bfc062723c751e8b465ee728b)
Start importing Assets/prefabs/Bullet 3D.prefab using Guid(77c7f42aa0f08fa4c9cf447d3a34d8f8) Importer(815301076,1909f56bfc062723c751e8b465ee728b)  -> (artifact id: '1f17eb06c849e46f757dd6401213edd8') in 0.010975 seconds
Number of updated asset objects reloaded before import = 0
Number of asset objects unloaded after import = 13
========================================================================
Received Import Request.
  Time since last request: 2.569950 seconds.
  path: Assets/prefabs/Bullet 3D.prefab
  artifactKey: Guid(77c7f42aa0f08fa4c9cf447d3a34d8f8) Importer(815301076,1909f56bfc062723c751e8b465ee728b)
Start importing Assets/prefabs/Bullet 3D.prefab using Guid(77c7f42aa0f08fa4c9cf447d3a34d8f8) Importer(815301076,1909f56bfc062723c751e8b465ee728b)  -> (artifact id: '15abddea8b6c2b253407d7979127dd65') in 0.009123 seconds
Number of updated asset objects reloaded before import = 0
Number of asset objects unloaded after import = 13
========================================================================
Received Import Request.
  Time since last request: 7.297578 seconds.
  path: Assets/prefabs/Bullet 3D.prefab
  artifactKey: Guid(77c7f42aa0f08fa4c9cf447d3a34d8f8) Importer(815301076,1909f56bfc062723c751e8b465ee728b)
Start importing Assets/prefabs/Bullet 3D.prefab using Guid(77c7f42aa0f08fa4c9cf447d3a34d8f8) Importer(815301076,1909f56bfc062723c751e8b465ee728b)  -> (artifact id: '2d8314845fc7834a81a144657ed90542') in 0.009751 seconds
Number of updated asset objects reloaded before import = 0
Number of asset objects unloaded after import = 13
========================================================================
Received Import Request.
  Time since last request: 5.021492 seconds.
  path: Assets/prefabs/Bullet 3D.prefab
  artifactKey: Guid(77c7f42aa0f08fa4c9cf447d3a34d8f8) Importer(815301076,1909f56bfc062723c751e8b465ee728b)
Start importing Assets/prefabs/Bullet 3D.prefab using Guid(77c7f42aa0f08fa4c9cf447d3a34d8f8) Importer(815301076,1909f56bfc062723c751e8b465ee728b)  -> (artifact id: 'ff8e3e314eb89e52f1fe65d53eb76176') in 0.008422 seconds
Number of updated asset objects reloaded before import = 0
Number of asset objects unloaded after import = 13
========================================================================
Received Import Request.
  Time since last request: 6.916584 seconds.
  path: Assets/prefabs/Bullet 3D.prefab
  artifactKey: Guid(77c7f42aa0f08fa4c9cf447d3a34d8f8) Importer(815301076,1909f56bfc062723c751e8b465ee728b)
Start importing Assets/prefabs/Bullet 3D.prefab using Guid(77c7f42aa0f08fa4c9cf447d3a34d8f8) Importer(815301076,1909f56bfc062723c751e8b465ee728b)  -> (artifact id: '580acf0a64a153b41ef3ea3f99014626') in 0.012160 seconds
Number of updated asset objects reloaded before import = 0
Number of asset objects unloaded after import = 13
========================================================================
Received Import Request.
  Time since last request: 2.755907 seconds.
  path: Assets/prefabs/Bullet 3D.prefab
  artifactKey: Guid(77c7f42aa0f08fa4c9cf447d3a34d8f8) Importer(815301076,1909f56bfc062723c751e8b465ee728b)
Start importing Assets/prefabs/Bullet 3D.prefab using Guid(77c7f42aa0f08fa4c9cf447d3a34d8f8) Importer(815301076,1909f56bfc062723c751e8b465ee728b)  -> (artifact id: 'bf91784c035e2328c01d3cbb323f0354') in 0.009014 seconds
Number of updated asset objects reloaded before import = 0
Number of asset objects unloaded after import = 13
========================================================================
Received Import Request.
  Time since last request: 1.963679 seconds.
  path: Assets/prefabs/Bullet 3D.prefab
  artifactKey: Guid(77c7f42aa0f08fa4c9cf447d3a34d8f8) Importer(815301076,1909f56bfc062723c751e8b465ee728b)
Start importing Assets/prefabs/Bullet 3D.prefab using Guid(77c7f42aa0f08fa4c9cf447d3a34d8f8) Importer(815301076,1909f56bfc062723c751e8b465ee728b)  -> (artifact id: 'aab24c17ef7a6189e76924623f8393f3') in 0.008892 seconds
Number of updated asset objects reloaded before import = 0
Number of asset objects unloaded after import = 13
========================================================================
Received Import Request.
  Time since last request: 5.052841 seconds.
  path: Assets/prefabs/Bullet 3D.prefab
  artifactKey: Guid(77c7f42aa0f08fa4c9cf447d3a34d8f8) Importer(815301076,1909f56bfc062723c751e8b465ee728b)
Start importing Assets/prefabs/Bullet 3D.prefab using Guid(77c7f42aa0f08fa4c9cf447d3a34d8f8) Importer(815301076,1909f56bfc062723c751e8b465ee728b)  -> (artifact id: 'ddba37451358228d9bf0d64f76a7ed7c') in 0.009148 seconds
Number of updated asset objects reloaded before import = 0
Number of asset objects unloaded after import = 13
========================================================================
Received Import Request.
  Time since last request: 3.843183 seconds.
  path: Assets/prefabs/Bullet 3D.prefab
  artifactKey: Guid(77c7f42aa0f08fa4c9cf447d3a34d8f8) Importer(815301076,1909f56bfc062723c751e8b465ee728b)
Start importing Assets/prefabs/Bullet 3D.prefab using Guid(77c7f42aa0f08fa4c9cf447d3a34d8f8) Importer(815301076,1909f56bfc062723c751e8b465ee728b)  -> (artifact id: '90a4ee1a32006314ad4a5200465f70a7') in 0.009014 seconds
Number of updated asset objects reloaded before import = 0
Number of asset objects unloaded after import = 13
========================================================================
Received Import Request.
  Time since last request: 1.487040 seconds.
  path: Assets/prefabs/Bullet 3D.prefab
  artifactKey: Guid(77c7f42aa0f08fa4c9cf447d3a34d8f8) Importer(815301076,1909f56bfc062723c751e8b465ee728b)
Start importing Assets/prefabs/Bullet 3D.prefab using Guid(77c7f42aa0f08fa4c9cf447d3a34d8f8) Importer(815301076,1909f56bfc062723c751e8b465ee728b)  -> (artifact id: 'b929bc4b62b42b856cae7bb89984663f') in 0.011690 seconds
Number of updated asset objects reloaded before import = 0
Number of asset objects unloaded after import = 13
========================================================================
Received Import Request.
  Time since last request: 5.129912 seconds.
  path: Assets/prefabs/Bullet 3D.prefab
  artifactKey: Guid(77c7f42aa0f08fa4c9cf447d3a34d8f8) Importer(815301076,1909f56bfc062723c751e8b465ee728b)
Start importing Assets/prefabs/Bullet 3D.prefab using Guid(77c7f42aa0f08fa4c9cf447d3a34d8f8) Importer(815301076,1909f56bfc062723c751e8b465ee728b)  -> (artifact id: 'a6e110d5261595a879548c53870bd53a') in 0.010543 seconds
Number of updated asset objects reloaded before import = 0
Number of asset objects unloaded after import = 13
========================================================================
Received Import Request.
  Time since last request: 4.473568 seconds.
  path: Assets/prefabs/Bullet 3D.prefab
  artifactKey: Guid(77c7f42aa0f08fa4c9cf447d3a34d8f8) Importer(815301076,1909f56bfc062723c751e8b465ee728b)
Start importing Assets/prefabs/Bullet 3D.prefab using Guid(77c7f42aa0f08fa4c9cf447d3a34d8f8) Importer(815301076,1909f56bfc062723c751e8b465ee728b)  -> (artifact id: '1cf5986fac57d73f7a133d250ef3e5d0') in 0.008636 seconds
Number of updated asset objects reloaded before import = 0
Number of asset objects unloaded after import = 13
========================================================================
Received Import Request.
  Time since last request: 6.412068 seconds.
  path: Assets/prefabs/Bullet 3D.prefab
  artifactKey: Guid(77c7f42aa0f08fa4c9cf447d3a34d8f8) Importer(815301076,1909f56bfc062723c751e8b465ee728b)
Start importing Assets/prefabs/Bullet 3D.prefab using Guid(77c7f42aa0f08fa4c9cf447d3a34d8f8) Importer(815301076,1909f56bfc062723c751e8b465ee728b)  -> (artifact id: '2b9e47b39ec54fbd6f7d88d92538b7bd') in 0.008729 seconds
Number of updated asset objects reloaded before import = 0
Number of asset objects unloaded after import = 13
========================================================================
Received Import Request.
  Time since last request: 6.020145 seconds.
  path: Assets/prefabs/Bullet 3D.prefab
  artifactKey: Guid(77c7f42aa0f08fa4c9cf447d3a34d8f8) Importer(815301076,1909f56bfc062723c751e8b465ee728b)
Start importing Assets/prefabs/Bullet 3D.prefab using Guid(77c7f42aa0f08fa4c9cf447d3a34d8f8) Importer(815301076,1909f56bfc062723c751e8b465ee728b)  -> (artifact id: '88285d8efa536560012051f15f8d56ca') in 0.008961 seconds
Number of updated asset objects reloaded before import = 0
Number of asset objects unloaded after import = 13
========================================================================
Received Import Request.
  Time since last request: 2.279722 seconds.
  path: Assets/prefabs/Bullet 3D.prefab
  artifactKey: Guid(77c7f42aa0f08fa4c9cf447d3a34d8f8) Importer(815301076,1909f56bfc062723c751e8b465ee728b)
Start importing Assets/prefabs/Bullet 3D.prefab using Guid(77c7f42aa0f08fa4c9cf447d3a34d8f8) Importer(815301076,1909f56bfc062723c751e8b465ee728b)  -> (artifact id: '83ac3bb02d9ffee621332ca4361a1a1b') in 0.010587 seconds
Number of updated asset objects reloaded before import = 0
Number of asset objects unloaded after import = 13
========================================================================
Received Import Request.
  Time since last request: 1.466015 seconds.
  path: Assets/prefabs/Bullet 3D.prefab
  artifactKey: Guid(77c7f42aa0f08fa4c9cf447d3a34d8f8) Importer(815301076,1909f56bfc062723c751e8b465ee728b)
Start importing Assets/prefabs/Bullet 3D.prefab using Guid(77c7f42aa0f08fa4c9cf447d3a34d8f8) Importer(815301076,1909f56bfc062723c751e8b465ee728b)  -> (artifact id: '8e7f073b7ae8e81b2a25d007ec048d44') in 0.011009 seconds
Number of updated asset objects reloaded before import = 0
Number of asset objects unloaded after import = 13
========================================================================
Received Import Request.
  Time since last request: 3.774620 seconds.
  path: Assets/prefabs/Bullet 3D.prefab
  artifactKey: Guid(77c7f42aa0f08fa4c9cf447d3a34d8f8) Importer(815301076,1909f56bfc062723c751e8b465ee728b)
Start importing Assets/prefabs/Bullet 3D.prefab using Guid(77c7f42aa0f08fa4c9cf447d3a34d8f8) Importer(815301076,1909f56bfc062723c751e8b465ee728b)  -> (artifact id: '6aa088bcb1b92a34ccbb9bcf5054e8fb') in 0.008611 seconds
Number of updated asset objects reloaded before import = 0
Number of asset objects unloaded after import = 13
========================================================================
Received Import Request.
  Time since last request: 2.013256 seconds.
  path: Assets/prefabs/Bullet 3D.prefab
  artifactKey: Guid(77c7f42aa0f08fa4c9cf447d3a34d8f8) Importer(815301076,1909f56bfc062723c751e8b465ee728b)
Start importing Assets/prefabs/Bullet 3D.prefab using Guid(77c7f42aa0f08fa4c9cf447d3a34d8f8) Importer(815301076,1909f56bfc062723c751e8b465ee728b)  -> (artifact id: '7e835a751a662be7f009f9be23bcdb09') in 0.008727 seconds
Number of updated asset objects reloaded before import = 0
Number of asset objects unloaded after import = 13
========================================================================
Received Import Request.
  Time since last request: 5.587048 seconds.
  path: Assets/prefabs/Bullet 3D.prefab
  artifactKey: Guid(77c7f42aa0f08fa4c9cf447d3a34d8f8) Importer(815301076,1909f56bfc062723c751e8b465ee728b)
Start importing Assets/prefabs/Bullet 3D.prefab using Guid(77c7f42aa0f08fa4c9cf447d3a34d8f8) Importer(815301076,1909f56bfc062723c751e8b465ee728b)  -> (artifact id: 'aaeb1b7d7424b56e5c891ba3f1fb6af2') in 0.009877 seconds
Number of updated asset objects reloaded before import = 0
Number of asset objects unloaded after import = 13
========================================================================
Received Import Request.
  Time since last request: 5.902379 seconds.
  path: Assets/prefabs/Bullet 3D.prefab
  artifactKey: Guid(77c7f42aa0f08fa4c9cf447d3a34d8f8) Importer(815301076,1909f56bfc062723c751e8b465ee728b)
Start importing Assets/prefabs/Bullet 3D.prefab using Guid(77c7f42aa0f08fa4c9cf447d3a34d8f8) Importer(815301076,1909f56bfc062723c751e8b465ee728b)  -> (artifact id: '6827cd6569833c26d6fe0c78540798d2') in 0.008714 seconds
Number of updated asset objects reloaded before import = 0
Number of asset objects unloaded after import = 13
========================================================================
Received Import Request.
  Time since last request: 2.153840 seconds.
  path: Assets/prefabs/Bullet 3D.prefab
  artifactKey: Guid(77c7f42aa0f08fa4c9cf447d3a34d8f8) Importer(815301076,1909f56bfc062723c751e8b465ee728b)
Start importing Assets/prefabs/Bullet 3D.prefab using Guid(77c7f42aa0f08fa4c9cf447d3a34d8f8) Importer(815301076,1909f56bfc062723c751e8b465ee728b)  -> (artifact id: '7839b754efaa6366bc5a392cbce63339') in 0.009045 seconds
Number of updated asset objects reloaded before import = 0
Number of asset objects unloaded after import = 13
========================================================================
Received Import Request.
  Time since last request: 4.742760 seconds.
  path: Assets/prefabs/Bullet 3D.prefab
  artifactKey: Guid(77c7f42aa0f08fa4c9cf447d3a34d8f8) Importer(815301076,1909f56bfc062723c751e8b465ee728b)
Start importing Assets/prefabs/Bullet 3D.prefab using Guid(77c7f42aa0f08fa4c9cf447d3a34d8f8) Importer(815301076,1909f56bfc062723c751e8b465ee728b)  -> (artifact id: '561319b14a216bb2ffb99a8bf4239e61') in 0.009394 seconds
Number of updated asset objects reloaded before import = 0
Number of asset objects unloaded after import = 13
========================================================================
Received Import Request.
  Time since last request: 1.640809 seconds.
  path: Assets/prefabs/Bullet 3D.prefab
  artifactKey: Guid(77c7f42aa0f08fa4c9cf447d3a34d8f8) Importer(815301076,1909f56bfc062723c751e8b465ee728b)
Start importing Assets/prefabs/Bullet 3D.prefab using Guid(77c7f42aa0f08fa4c9cf447d3a34d8f8) Importer(815301076,1909f56bfc062723c751e8b465ee728b)  -> (artifact id: 'd720b1a9a6292f22fef68f2ec20ca92c') in 0.009045 seconds
Number of updated asset objects reloaded before import = 0
Number of asset objects unloaded after import = 13
========================================================================
Received Import Request.
  Time since last request: 2.204717 seconds.
  path: Assets/prefabs/Bullet 3D.prefab
  artifactKey: Guid(77c7f42aa0f08fa4c9cf447d3a34d8f8) Importer(815301076,1909f56bfc062723c751e8b465ee728b)
Start importing Assets/prefabs/Bullet 3D.prefab using Guid(77c7f42aa0f08fa4c9cf447d3a34d8f8) Importer(815301076,1909f56bfc062723c751e8b465ee728b)  -> (artifact id: '2e5825cb9b58d9bd8248e03d9589c349') in 0.009050 seconds
Number of updated asset objects reloaded before import = 0
Number of asset objects unloaded after import = 13
========================================================================
Received Import Request.
  Time since last request: 3.370013 seconds.
  path: Assets/prefabs/Bullet 3D.prefab
  artifactKey: Guid(77c7f42aa0f08fa4c9cf447d3a34d8f8) Importer(815301076,1909f56bfc062723c751e8b465ee728b)
Start importing Assets/prefabs/Bullet 3D.prefab using Guid(77c7f42aa0f08fa4c9cf447d3a34d8f8) Importer(815301076,1909f56bfc062723c751e8b465ee728b)  -> (artifact id: 'cf63da51344a60e12473be85b612f01b') in 0.008418 seconds
Number of updated asset objects reloaded before import = 0
Number of asset objects unloaded after import = 13
========================================================================
Received Import Request.
  Time since last request: 3.317994 seconds.
  path: Assets/prefabs/Bullet 3D.prefab
  artifactKey: Guid(77c7f42aa0f08fa4c9cf447d3a34d8f8) Importer(815301076,1909f56bfc062723c751e8b465ee728b)
Start importing Assets/prefabs/Bullet 3D.prefab using Guid(77c7f42aa0f08fa4c9cf447d3a34d8f8) Importer(815301076,1909f56bfc062723c751e8b465ee728b)  -> (artifact id: 'e0349924b6a896dd2c98b207c57bd386') in 0.008623 seconds
Number of updated asset objects reloaded before import = 0
Number of asset objects unloaded after import = 13
========================================================================
Received Import Request.
  Time since last request: 1.468787 seconds.
  path: Assets/prefabs/Bullet 3D.prefab
  artifactKey: Guid(77c7f42aa0f08fa4c9cf447d3a34d8f8) Importer(815301076,1909f56bfc062723c751e8b465ee728b)
Start importing Assets/prefabs/Bullet 3D.prefab using Guid(77c7f42aa0f08fa4c9cf447d3a34d8f8) Importer(815301076,1909f56bfc062723c751e8b465ee728b)  -> (artifact id: '4e80a72329320d18951d2bae6d7a50e4') in 0.010096 seconds
Number of updated asset objects reloaded before import = 0
Number of asset objects unloaded after import = 13
========================================================================
Received Import Request.
  Time since last request: 7.083788 seconds.
  path: Assets/prefabs/Bullet 3D.prefab
  artifactKey: Guid(77c7f42aa0f08fa4c9cf447d3a34d8f8) Importer(815301076,1909f56bfc062723c751e8b465ee728b)
Start importing Assets/prefabs/Bullet 3D.prefab using Guid(77c7f42aa0f08fa4c9cf447d3a34d8f8) Importer(815301076,1909f56bfc062723c751e8b465ee728b)  -> (artifact id: '8a65b3d34bce61b634dad141042b34fb') in 0.009241 seconds
Number of updated asset objects reloaded before import = 0
Number of asset objects unloaded after import = 13
========================================================================
Received Import Request.
  Time since last request: 2.530657 seconds.
  path: Assets/prefabs/Bullet 3D.prefab
  artifactKey: Guid(77c7f42aa0f08fa4c9cf447d3a34d8f8) Importer(815301076,1909f56bfc062723c751e8b465ee728b)
Start importing Assets/prefabs/Bullet 3D.prefab using Guid(77c7f42aa0f08fa4c9cf447d3a34d8f8) Importer(815301076,1909f56bfc062723c751e8b465ee728b)  -> (artifact id: '0ec5514ff2eaeb7dd11fbeaf32b64c4d') in 0.008443 seconds
Number of updated asset objects reloaded before import = 0
Number of asset objects unloaded after import = 13
========================================================================
Received Import Request.
  Time since last request: 3.014531 seconds.
  path: Assets/prefabs/Bullet 3D.prefab
  artifactKey: Guid(77c7f42aa0f08fa4c9cf447d3a34d8f8) Importer(815301076,1909f56bfc062723c751e8b465ee728b)
Start importing Assets/prefabs/Bullet 3D.prefab using Guid(77c7f42aa0f08fa4c9cf447d3a34d8f8) Importer(815301076,1909f56bfc062723c751e8b465ee728b)  -> (artifact id: 'fc5cec367337aa4ae77628a0ee48bfab') in 0.009855 seconds
Number of updated asset objects reloaded before import = 0
Number of asset objects unloaded after import = 13
========================================================================
Received Import Request.
  Time since last request: 21.902964 seconds.
  path: Assets/prefabs/Bullet 3D.prefab
  artifactKey: Guid(77c7f42aa0f08fa4c9cf447d3a34d8f8) Importer(815301076,1909f56bfc062723c751e8b465ee728b)
Start importing Assets/prefabs/Bullet 3D.prefab using Guid(77c7f42aa0f08fa4c9cf447d3a34d8f8) Importer(815301076,1909f56bfc062723c751e8b465ee728b)  -> (artifact id: 'ece2ced6670501397d236061b89e456a') in 0.011105 seconds
Number of updated asset objects reloaded before import = 0
Number of asset objects unloaded after import = 13
========================================================================
Received Import Request.
  Time since last request: 7.915496 seconds.
  path: Assets/prefabs/Bullet 3D.prefab
  artifactKey: Guid(77c7f42aa0f08fa4c9cf447d3a34d8f8) Importer(815301076,1909f56bfc062723c751e8b465ee728b)
Start importing Assets/prefabs/Bullet 3D.prefab using Guid(77c7f42aa0f08fa4c9cf447d3a34d8f8) Importer(815301076,1909f56bfc062723c751e8b465ee728b)  -> (artifact id: 'e63c027d3024642920294af1d7efadf3') in 0.009191 seconds
Number of updated asset objects reloaded before import = 0
Number of asset objects unloaded after import = 13
